<?xml version="1.0" encoding="UTF-8" standalone="no"?>
<!DOCTYPE log SYSTEM "logger.dtd">
<log>
<record>
  <date>2022-10-03T14:15:52.988469400Z</date>
  <millis>1664806552988</millis>
  <nanos>469400</nanos>
  <sequence>0</sequence>
  <logger>MyLog</logger>
  <level>SEVERE</level>
  <class>com.example.diamondcircle.Main</class>
  <method>log</method>
  <thread>28</thread>
  <message>java.util.ConcurrentModificationException</message>
</record>
</log>
<?xml version="1.0" encoding="UTF-8" standalone="no"?>
<!DOCTYPE log SYSTEM "logger.dtd">
<log>
</log>
<?xml version="1.0" encoding="UTF-8" standalone="no"?>
<!DOCTYPE log SYSTEM "logger.dtd">
<log>
<record>
  <date>2022-10-03T17:41:20.912708400Z</date>
  <millis>1664818880912</millis>
  <nanos>708400</nanos>
  <sequence>0</sequence>
  <logger>MyLog</logger>
  <level>SEVERE</level>
  <class>com.example.diamondcircle.Main</class>
  <method>log</method>
  <thread>30</thread>
  <message>java.util.ConcurrentModificationException</message>
</record>
</log>
<?xml version="1.0" encoding="UTF-8" standalone="no"?>
<!DOCTYPE log SYSTEM "logger.dtd">
<log>
</log>
<?xml version="1.0" encoding="UTF-8" standalone="no"?>
<!DOCTYPE log SYSTEM "logger.dtd">
<log>
<record>
  <date>2022-10-03T17:48:29.198182Z</date>
  <millis>1664819309198</millis>
  <nanos>182000</nanos>
  <sequence>0</sequence>
  <logger>MyLog</logger>
  <level>SEVERE</level>
  <class>com.example.diamondcircle.Main</class>
  <method>log</method>
  <thread>27</thread>
  <message>java.util.ConcurrentModificationException</message>
</record>
<record>
  <date>2022-10-03T17:48:30.440933200Z</date>
  <millis>1664819310440</millis>
  <nanos>933200</nanos>
  <sequence>1</sequence>
  <logger>MyLog</logger>
  <level>SEVERE</level>
  <class>com.example.diamondcircle.Main</class>
  <method>log</method>
  <thread>27</thread>
  <message>java.util.ConcurrentModificationException</message>
</record>
<record>
  <date>2022-10-03T17:48:35.614638600Z</date>
  <millis>1664819315614</millis>
  <nanos>638600</nanos>
  <sequence>2</sequence>
  <logger>MyLog</logger>
  <level>SEVERE</level>
  <class>com.example.diamondcircle.Main</class>
  <method>log</method>
  <thread>27</thread>
  <message>java.util.ConcurrentModificationException</message>
</record>
<record>
  <date>2022-10-03T17:48:40.165799200Z</date>
  <millis>1664819320165</millis>
  <nanos>799200</nanos>
  <sequence>3</sequence>
  <logger>MyLog</logger>
  <level>SEVERE</level>
  <class>com.example.diamondcircle.Main</class>
  <method>log</method>
  <thread>27</thread>
  <message>java.util.ConcurrentModificationException</message>
</record>
<record>
  <date>2022-10-03T17:48:43.381156900Z</date>
  <millis>1664819323381</millis>
  <nanos>156900</nanos>
  <sequence>4</sequence>
  <logger>MyLog</logger>
  <level>SEVERE</level>
  <class>com.example.diamondcircle.Main</class>
  <method>log</method>
  <thread>27</thread>
  <message>java.util.ConcurrentModificationException</message>
</record>
<record>
  <date>2022-10-03T17:48:45.401146800Z</date>
  <millis>1664819325401</millis>
  <nanos>146800</nanos>
  <sequence>5</sequence>
  <logger>MyLog</logger>
  <level>SEVERE</level>
  <class>com.example.diamondcircle.Main</class>
  <method>log</method>
  <thread>27</thread>
  <message>java.util.ConcurrentModificationException</message>
</record>
</log>
<?xml version="1.0" encoding="UTF-8" standalone="no"?>
<!DOCTYPE log SYSTEM "logger.dtd">
<log>
<record>
  <date>2022-10-03T17:50:02.696172Z</date>
  <millis>1664819402696</millis>
  <nanos>172000</nanos>
  <sequence>0</sequence>
  <logger>MyLog</logger>
  <level>SEVERE</level>
  <class>com.example.diamondcircle.Main</class>
  <method>log</method>
  <thread>30</thread>
  <message>java.util.ConcurrentModificationException</message>
</record>
<record>
  <date>2022-10-03T17:50:41.730446800Z</date>
  <millis>1664819441730</millis>
  <nanos>446800</nanos>
  <sequence>1</sequence>
  <logger>MyLog</logger>
  <level>SEVERE</level>
  <class>com.example.diamondcircle.Main</class>
  <method>log</method>
  <thread>27</thread>
  <message>java.util.ConcurrentModificationException</message>
</record>
<record>
  <date>2022-10-03T17:50:43.747814600Z</date>
  <millis>1664819443747</millis>
  <nanos>814600</nanos>
  <sequence>2</sequence>
  <logger>MyLog</logger>
  <level>SEVERE</level>
  <class>com.example.diamondcircle.Main</class>
  <method>log</method>
  <thread>27</thread>
  <message>java.util.ConcurrentModificationException</message>
</record>
<record>
  <date>2022-10-03T17:50:54.104625700Z</date>
  <millis>1664819454104</millis>
  <nanos>625700</nanos>
  <sequence>3</sequence>
  <logger>MyLog</logger>
  <level>SEVERE</level>
  <class>com.example.diamondcircle.Main</class>
  <method>log</method>
  <thread>27</thread>
  <message>java.util.ConcurrentModificationException</message>
</record>
<record>
  <date>2022-10-03T17:51:00.278231900Z</date>
  <millis>1664819460278</millis>
  <nanos>231900</nanos>
  <sequence>4</sequence>
  <logger>MyLog</logger>
  <level>SEVERE</level>
  <class>com.example.diamondcircle.Main</class>
  <method>log</method>
  <thread>27</thread>
  <message>java.util.ConcurrentModificationException</message>
</record>
</log>
<?xml version="1.0" encoding="UTF-8" standalone="no"?>
<!DOCTYPE log SYSTEM "logger.dtd">
<log>
</log>
<?xml version="1.0" encoding="UTF-8" standalone="no"?>
<!DOCTYPE log SYSTEM "logger.dtd">
<log>
<record>
  <date>2022-10-03T18:01:08.065512900Z</date>
  <millis>1664820068065</millis>
  <nanos>512900</nanos>
  <sequence>0</sequence>
  <logger>MyLog</logger>
  <level>SEVERE</level>
  <class>com.example.diamondcircle.Main</class>
  <method>log</method>
  <thread>30</thread>
  <message>java.util.ConcurrentModificationException</message>
</record>
<record>
  <date>2022-10-03T18:01:55.047582200Z</date>
  <millis>1664820115047</millis>
  <nanos>582200</nanos>
  <sequence>1</sequence>
  <logger>MyLog</logger>
  <level>SEVERE</level>
  <class>com.example.diamondcircle.Main</class>
  <method>log</method>
  <thread>27</thread>
  <message>java.util.ConcurrentModificationException</message>
</record>
</log>
<?xml version="1.0" encoding="UTF-8" standalone="no"?>
<!DOCTYPE log SYSTEM "logger.dtd">
<log>
<record>
  <date>2022-10-03T18:04:21.157057800Z</date>
  <millis>1664820261157</millis>
  <nanos>57800</nanos>
  <sequence>0</sequence>
  <logger>MyLog</logger>
  <level>SEVERE</level>
  <class>com.example.diamondcircle.Main</class>
  <method>log</method>
  <thread>30</thread>
  <message>java.util.ConcurrentModificationException</message>
</record>
</log>
<?xml version="1.0" encoding="UTF-8" standalone="no"?>
<!DOCTYPE log SYSTEM "logger.dtd">
<log>
<record>
  <date>2022-10-03T18:06:22.652487700Z</date>
  <millis>1664820382652</millis>
  <nanos>487700</nanos>
  <sequence>0</sequence>
  <logger>MyLog</logger>
  <level>SEVERE</level>
  <class>com.example.diamondcircle.Main</class>
  <method>log</method>
  <thread>30</thread>
  <message>java.util.ConcurrentModificationException</message>
</record>
<record>
  <date>2022-10-03T18:06:26.821505Z</date>
  <millis>1664820386821</millis>
  <nanos>505000</nanos>
  <sequence>1</sequence>
  <logger>MyLog</logger>
  <level>SEVERE</level>
  <class>com.example.diamondcircle.Main</class>
  <method>log</method>
  <thread>27</thread>
  <message>java.util.ConcurrentModificationException</message>
</record>
<record>
  <date>2022-10-03T18:06:27.835702800Z</date>
  <millis>1664820387835</millis>
  <nanos>702800</nanos>
  <sequence>2</sequence>
  <logger>MyLog</logger>
  <level>SEVERE</level>
  <class>com.example.diamondcircle.Main</class>
  <method>log</method>
  <thread>27</thread>
  <message>java.util.ConcurrentModificationException</message>
</record>
<record>
  <date>2022-10-03T18:06:57.918340300Z</date>
  <millis>1664820417918</millis>
  <nanos>340300</nanos>
  <sequence>3</sequence>
  <logger>MyLog</logger>
  <level>SEVERE</level>
  <class>com.example.diamondcircle.Main</class>
  <method>log</method>
  <thread>27</thread>
  <message>java.util.ConcurrentModificationException</message>
</record>
<record>
  <date>2022-10-03T18:06:59.935547500Z</date>
  <millis>1664820419935</millis>
  <nanos>547500</nanos>
  <sequence>4</sequence>
  <logger>MyLog</logger>
  <level>SEVERE</level>
  <class>com.example.diamondcircle.Main</class>
  <method>log</method>
  <thread>27</thread>
  <message>java.util.ConcurrentModificationException</message>
</record>
<record>
  <date>2022-10-03T18:07:29.527691300Z</date>
  <millis>1664820449527</millis>
  <nanos>691300</nanos>
  <sequence>5</sequence>
  <logger>MyLog</logger>
  <level>SEVERE</level>
  <class>com.example.diamondcircle.Main</class>
  <method>log</method>
  <thread>27</thread>
  <message>java.util.ConcurrentModificationException</message>
</record>
<record>
  <date>2022-10-03T18:07:31.543306400Z</date>
  <millis>1664820451543</millis>
  <nanos>306400</nanos>
  <sequence>6</sequence>
  <logger>MyLog</logger>
  <level>SEVERE</level>
  <class>com.example.diamondcircle.Main</class>
  <method>log</method>
  <thread>27</thread>
  <message>java.util.ConcurrentModificationException</message>
</record>
<record>
  <date>2022-10-03T18:07:51.605395200Z</date>
  <millis>1664820471605</millis>
  <nanos>395200</nanos>
  <sequence>7</sequence>
  <logger>MyLog</logger>
  <level>SEVERE</level>
  <class>com.example.diamondcircle.Main</class>
  <method>log</method>
  <thread>27</thread>
  <message>java.util.ConcurrentModificationException</message>
</record>
</log>
<?xml version="1.0" encoding="UTF-8" standalone="no"?>
<!DOCTYPE log SYSTEM "logger.dtd">
<log>
<record>
  <date>2022-10-03T18:13:48.405363800Z</date>
  <millis>1664820828405</millis>
  <nanos>363800</nanos>
  <sequence>0</sequence>
  <logger>MyLog</logger>
  <level>SEVERE</level>
  <class>com.example.diamondcircle.Main</class>
  <method>log</method>
  <thread>27</thread>
  <message>java.util.ConcurrentModificationException</message>
</record>
<record>
  <date>2022-10-03T18:13:51.591244900Z</date>
  <millis>1664820831591</millis>
  <nanos>244900</nanos>
  <sequence>1</sequence>
  <logger>MyLog</logger>
  <level>SEVERE</level>
  <class>com.example.diamondcircle.Main</class>
  <method>log</method>
  <thread>27</thread>
  <message>java.util.ConcurrentModificationException</message>
</record>
<record>
  <date>2022-10-03T18:14:05.670512400Z</date>
  <millis>1664820845670</millis>
  <nanos>512400</nanos>
  <sequence>2</sequence>
  <logger>MyLog</logger>
  <level>SEVERE</level>
  <class>com.example.diamondcircle.Main</class>
  <method>log</method>
  <thread>27</thread>
  <message>java.util.ConcurrentModificationException</message>
</record>
<record>
  <date>2022-10-03T18:14:18.096777200Z</date>
  <millis>1664820858096</millis>
  <nanos>777200</nanos>
  <sequence>3</sequence>
  <logger>MyLog</logger>
  <level>SEVERE</level>
  <class>com.example.diamondcircle.Main</class>
  <method>log</method>
  <thread>27</thread>
  <message>java.util.ConcurrentModificationException</message>
</record>
<record>
  <date>2022-10-03T18:14:31.492012400Z</date>
  <millis>1664820871492</millis>
  <nanos>12400</nanos>
  <sequence>4</sequence>
  <logger>MyLog</logger>
  <level>SEVERE</level>
  <class>com.example.diamondcircle.Main</class>
  <method>log</method>
  <thread>27</thread>
  <message>java.util.ConcurrentModificationException</message>
</record>
<record>
  <date>2022-10-03T18:14:45.616079200Z</date>
  <millis>1664820885616</millis>
  <nanos>79200</nanos>
  <sequence>5</sequence>
  <logger>MyLog</logger>
  <level>SEVERE</level>
  <class>com.example.diamondcircle.Main</class>
  <method>log</method>
  <thread>27</thread>
  <message>java.util.ConcurrentModificationException</message>
</record>
<record>
  <date>2022-10-03T18:14:46.632353Z</date>
  <millis>1664820886632</millis>
  <nanos>353000</nanos>
  <sequence>6</sequence>
  <logger>MyLog</logger>
  <level>SEVERE</level>
  <class>com.example.diamondcircle.Main</class>
  <method>log</method>
  <thread>27</thread>
  <message>java.util.ConcurrentModificationException</message>
</record>
<record>
  <date>2022-10-03T18:14:48.649600500Z</date>
  <millis>1664820888649</millis>
  <nanos>600500</nanos>
  <sequence>7</sequence>
  <logger>MyLog</logger>
  <level>SEVERE</level>
  <class>com.example.diamondcircle.Main</class>
  <method>log</method>
  <thread>27</thread>
  <message>java.util.ConcurrentModificationException</message>
</record>
<record>
  <date>2022-10-03T18:15:25.416639Z</date>
  <millis>1664820925416</millis>
  <nanos>639000</nanos>
  <sequence>8</sequence>
  <logger>MyLog</logger>
  <level>SEVERE</level>
  <class>com.example.diamondcircle.Main</class>
  <method>log</method>
  <thread>27</thread>
  <message>java.util.ConcurrentModificationException</message>
</record>
<record>
  <date>2022-10-03T18:15:26.430717500Z</date>
  <millis>1664820926430</millis>
  <nanos>717500</nanos>
  <sequence>9</sequence>
  <logger>MyLog</logger>
  <level>SEVERE</level>
  <class>com.example.diamondcircle.Main</class>
  <method>log</method>
  <thread>27</thread>
  <message>java.util.ConcurrentModificationException</message>
</record>
<record>
  <date>2022-10-03T18:16:01.743281400Z</date>
  <millis>1664820961743</millis>
  <nanos>281400</nanos>
  <sequence>10</sequence>
  <logger>MyLog</logger>
  <level>SEVERE</level>
  <class>com.example.diamondcircle.Main</class>
  <method>log</method>
  <thread>27</thread>
  <message>java.util.ConcurrentModificationException</message>
</record>
<record>
  <date>2022-10-03T18:16:19.104325800Z</date>
  <millis>1664820979104</millis>
  <nanos>325800</nanos>
  <sequence>11</sequence>
  <logger>MyLog</logger>
  <level>SEVERE</level>
  <class>com.example.diamondcircle.Main</class>
  <method>log</method>
  <thread>27</thread>
  <message>java.util.ConcurrentModificationException</message>
</record>
</log>
<?xml version="1.0" encoding="UTF-8" standalone="no"?>
<!DOCTYPE log SYSTEM "logger.dtd">
<log>
<record>
  <date>2022-10-03T18:20:00.804846900Z</date>
  <millis>1664821200804</millis>
  <nanos>846900</nanos>
  <sequence>0</sequence>
  <logger>MyLog</logger>
  <level>SEVERE</level>
  <class>com.example.diamondcircle.Main</class>
  <method>log</method>
  <thread>30</thread>
  <message>java.util.ConcurrentModificationException</message>
</record>
</log>
<?xml version="1.0" encoding="UTF-8" standalone="no"?>
<!DOCTYPE log SYSTEM "logger.dtd">
<log>
<record>
  <date>2022-10-03T18:23:53.216543Z</date>
  <millis>1664821433216</millis>
  <nanos>543000</nanos>
  <sequence>0</sequence>
  <logger>MyLog</logger>
  <level>SEVERE</level>
  <class>com.example.diamondcircle.Main</class>
  <method>log</method>
  <thread>30</thread>
  <message>java.util.ConcurrentModificationException</message>
</record>
<record>
  <date>2022-10-03T18:24:17.897121600Z</date>
  <millis>1664821457897</millis>
  <nanos>121600</nanos>
  <sequence>1</sequence>
  <logger>MyLog</logger>
  <level>SEVERE</level>
  <class>com.example.diamondcircle.Main</class>
  <method>log</method>
  <thread>30</thread>
  <message>java.util.ConcurrentModificationException</message>
</record>
<record>
  <date>2022-10-03T18:24:30.234598700Z</date>
  <millis>1664821470234</millis>
  <nanos>598700</nanos>
  <sequence>2</sequence>
  <logger>MyLog</logger>
  <level>SEVERE</level>
  <class>com.example.diamondcircle.Main</class>
  <method>log</method>
  <thread>30</thread>
  <message>java.util.ConcurrentModificationException</message>
</record>
</log>
<?xml version="1.0" encoding="UTF-8" standalone="no"?>
<!DOCTYPE log SYSTEM "logger.dtd">
<log>
<record>
  <date>2022-10-03T18:26:57.898984200Z</date>
  <millis>1664821617898</millis>
  <nanos>984200</nanos>
  <sequence>0</sequence>
  <logger>MyLog</logger>
  <level>SEVERE</level>
  <class>com.example.diamondcircle.Main</class>
  <method>log</method>
  <thread>28</thread>
  <message>java.util.ConcurrentModificationException</message>
</record>
</log>
<?xml version="1.0" encoding="UTF-8" standalone="no"?>
<!DOCTYPE log SYSTEM "logger.dtd">
<log>
<record>
  <date>2022-10-03T18:29:55.702708400Z</date>
  <millis>1664821795702</millis>
  <nanos>708400</nanos>
  <sequence>0</sequence>
  <logger>MyLog</logger>
  <level>SEVERE</level>
  <class>com.example.diamondcircle.Main</class>
  <method>log</method>
  <thread>28</thread>
  <message>java.util.ConcurrentModificationException</message>
</record>
</log>
<?xml version="1.0" encoding="UTF-8" standalone="no"?>
<!DOCTYPE log SYSTEM "logger.dtd">
<log>
<record>
  <date>2022-10-03T18:31:30.364598200Z</date>
  <millis>1664821890364</millis>
  <nanos>598200</nanos>
  <sequence>0</sequence>
  <logger>MyLog</logger>
  <level>SEVERE</level>
  <class>com.example.diamondcircle.Main</class>
  <method>log</method>
  <thread>28</thread>
  <message>java.util.ConcurrentModificationException</message>
</record>
</log>
<?xml version="1.0" encoding="UTF-8" standalone="no"?>
<!DOCTYPE log SYSTEM "logger.dtd">
<log>
<record>
  <date>2022-10-03T18:33:37.141711400Z</date>
  <millis>1664822017141</millis>
  <nanos>711400</nanos>
  <sequence>0</sequence>
  <logger>MyLog</logger>
  <level>SEVERE</level>
  <class>com.example.diamondcircle.Main</class>
  <method>log</method>
  <thread>28</thread>
  <message>java.util.ConcurrentModificationException</message>
</record>
</log>
<?xml version="1.0" encoding="UTF-8" standalone="no"?>
<!DOCTYPE log SYSTEM "logger.dtd">
<log>
</log>
<?xml version="1.0" encoding="UTF-8" standalone="no"?>
<!DOCTYPE log SYSTEM "logger.dtd">
<log>
<record>
  <date>2022-10-04T08:31:00.536759400Z</date>
  <millis>1664872260536</millis>
  <nanos>759400</nanos>
  <sequence>0</sequence>
  <logger>MyLog</logger>
  <level>SEVERE</level>
  <class>com.example.diamondcircle.Main</class>
  <method>log</method>
  <thread>28</thread>
  <message>java.util.ConcurrentModificationException</message>
</record>
</log>
<?xml version="1.0" encoding="UTF-8" standalone="no"?>
<!DOCTYPE log SYSTEM "logger.dtd">
<log>
<record>
  <date>2022-10-04T08:33:22.252200800Z</date>
  <millis>1664872402252</millis>
  <nanos>200800</nanos>
  <sequence>0</sequence>
  <logger>MyLog</logger>
  <level>SEVERE</level>
  <class>com.example.diamondcircle.Main</class>
  <method>log</method>
  <thread>28</thread>
  <message>java.util.ConcurrentModificationException</message>
</record>
</log>
<?xml version="1.0" encoding="UTF-8" standalone="no"?>
<!DOCTYPE log SYSTEM "logger.dtd">
<log>
<record>
  <date>2022-10-04T08:36:42.262919800Z</date>
  <millis>1664872602262</millis>
  <nanos>919800</nanos>
  <sequence>0</sequence>
  <logger>MyLog</logger>
  <level>SEVERE</level>
  <class>com.example.diamondcircle.Main</class>
  <method>log</method>
  <thread>28</thread>
  <message>java.util.ConcurrentModificationException</message>
</record>
<record>
  <date>2022-10-04T08:36:58.690577100Z</date>
  <millis>1664872618690</millis>
  <nanos>577100</nanos>
  <sequence>1</sequence>
  <logger>MyLog</logger>
  <level>SEVERE</level>
  <class>com.example.diamondcircle.Main</class>
  <method>log</method>
  <thread>28</thread>
  <message>java.util.ConcurrentModificationException</message>
</record>
</log>
<?xml version="1.0" encoding="UTF-8" standalone="no"?>
<!DOCTYPE log SYSTEM "logger.dtd">
<log>
<record>
  <date>2022-10-04T08:39:37.133399100Z</date>
  <millis>1664872777133</millis>
  <nanos>399100</nanos>
  <sequence>0</sequence>
  <logger>MyLog</logger>
  <level>SEVERE</level>
  <class>com.example.diamondcircle.Main</class>
  <method>log</method>
  <thread>28</thread>
  <message>java.util.ConcurrentModificationException</message>
</record>
<record>
  <date>2022-10-04T08:39:37.216177400Z</date>
  <millis>1664872777216</millis>
  <nanos>177400</nanos>
  <sequence>1</sequence>
  <logger>MyLog</logger>
  <level>SEVERE</level>
  <class>com.example.diamondcircle.Main</class>
  <method>log</method>
  <thread>28</thread>
  <message>java.lang.NullPointerException: Cannot enter synchronized block because "currentNode" is null</message>
</record>
<record>
  <date>2022-10-04T08:39:37.229142600Z</date>
  <millis>1664872777229</millis>
  <nanos>142600</nanos>
  <sequence>2</sequence>
  <logger>MyLog</logger>
  <level>SEVERE</level>
  <class>com.example.diamondcircle.Main</class>
  <method>log</method>
  <thread>28</thread>
  <message>java.lang.NullPointerException: Cannot enter synchronized block because "currentNode" is null</message>
</record>
<record>
  <date>2022-10-04T08:39:37.242107Z</date>
  <millis>1664872777242</millis>
  <nanos>107000</nanos>
  <sequence>3</sequence>
  <logger>MyLog</logger>
  <level>SEVERE</level>
  <class>com.example.diamondcircle.Main</class>
  <method>log</method>
  <thread>28</thread>
  <message>java.lang.NullPointerException: Cannot enter synchronized block because "currentNode" is null</message>
</record>
<record>
  <date>2022-10-04T08:39:37.254074700Z</date>
  <millis>1664872777254</millis>
  <nanos>74700</nanos>
  <sequence>4</sequence>
  <logger>MyLog</logger>
  <level>SEVERE</level>
  <class>com.example.diamondcircle.Main</class>
  <method>log</method>
  <thread>28</thread>
  <message>java.lang.NullPointerException: Cannot enter synchronized block because "currentNode" is null</message>
</record>
<record>
  <date>2022-10-04T08:39:37.266043800Z</date>
  <millis>1664872777266</millis>
  <nanos>43800</nanos>
  <sequence>5</sequence>
  <logger>MyLog</logger>
  <level>SEVERE</level>
  <class>com.example.diamondcircle.Main</class>
  <method>log</method>
  <thread>28</thread>
  <message>java.lang.NullPointerException: Cannot enter synchronized block because "currentNode" is null</message>
</record>
<record>
  <date>2022-10-04T08:39:37.278012300Z</date>
  <millis>1664872777278</millis>
  <nanos>12300</nanos>
  <sequence>6</sequence>
  <logger>MyLog</logger>
  <level>SEVERE</level>
  <class>com.example.diamondcircle.Main</class>
  <method>log</method>
  <thread>28</thread>
  <message>java.lang.NullPointerException: Cannot enter synchronized block because "currentNode" is null</message>
</record>
<record>
  <date>2022-10-04T08:39:37.300950Z</date>
  <millis>1664872777300</millis>
  <nanos>950000</nanos>
  <sequence>7</sequence>
  <logger>MyLog</logger>
  <level>SEVERE</level>
  <class>com.example.diamondcircle.Main</class>
  <method>log</method>
  <thread>28</thread>
  <message>java.lang.NullPointerException: Cannot enter synchronized block because "currentNode" is null</message>
</record>
<record>
  <date>2022-10-04T08:39:37.323890300Z</date>
  <millis>1664872777323</millis>
  <nanos>890300</nanos>
  <sequence>8</sequence>
  <logger>MyLog</logger>
  <level>SEVERE</level>
  <class>com.example.diamondcircle.Main</class>
  <method>log</method>
  <thread>28</thread>
  <message>java.lang.NullPointerException: Cannot enter synchronized block because "currentNode" is null</message>
</record>
<record>
  <date>2022-10-04T08:39:37.335857700Z</date>
  <millis>1664872777335</millis>
  <nanos>857700</nanos>
  <sequence>9</sequence>
  <logger>MyLog</logger>
  <level>SEVERE</level>
  <class>com.example.diamondcircle.Main</class>
  <method>log</method>
  <thread>28</thread>
  <message>java.lang.NullPointerException: Cannot enter synchronized block because "currentNode" is null</message>
</record>
<record>
  <date>2022-10-04T08:39:37.348828600Z</date>
  <millis>1664872777348</millis>
  <nanos>828600</nanos>
  <sequence>10</sequence>
  <logger>MyLog</logger>
  <level>SEVERE</level>
  <class>com.example.diamondcircle.Main</class>
  <method>log</method>
  <thread>28</thread>
  <message>java.lang.NullPointerException: Cannot enter synchronized block because "currentNode" is null</message>
</record>
<record>
  <date>2022-10-04T08:39:37.362783400Z</date>
  <millis>1664872777362</millis>
  <nanos>783400</nanos>
  <sequence>11</sequence>
  <logger>MyLog</logger>
  <level>SEVERE</level>
  <class>com.example.diamondcircle.Main</class>
  <method>log</method>
  <thread>28</thread>
  <message>java.lang.NullPointerException: Cannot enter synchronized block because "currentNode" is null</message>
</record>
<record>
  <date>2022-10-04T08:39:37.386718800Z</date>
  <millis>1664872777386</millis>
  <nanos>718800</nanos>
  <sequence>12</sequence>
  <logger>MyLog</logger>
  <level>SEVERE</level>
  <class>com.example.diamondcircle.Main</class>
  <method>log</method>
  <thread>28</thread>
  <message>java.lang.NullPointerException: Cannot enter synchronized block because "currentNode" is null</message>
</record>
<record>
  <date>2022-10-04T08:39:37.399685400Z</date>
  <millis>1664872777399</millis>
  <nanos>685400</nanos>
  <sequence>13</sequence>
  <logger>MyLog</logger>
  <level>SEVERE</level>
  <class>com.example.diamondcircle.Main</class>
  <method>log</method>
  <thread>28</thread>
  <message>java.lang.NullPointerException: Cannot enter synchronized block because "currentNode" is null</message>
</record>
<record>
  <date>2022-10-04T08:39:37.413658500Z</date>
  <millis>1664872777413</millis>
  <nanos>658500</nanos>
  <sequence>14</sequence>
  <logger>MyLog</logger>
  <level>SEVERE</level>
  <class>com.example.diamondcircle.Main</class>
  <method>log</method>
  <thread>28</thread>
  <message>java.lang.NullPointerException: Cannot enter synchronized block because "currentNode" is null</message>
</record>
<record>
  <date>2022-10-04T08:39:37.427611200Z</date>
  <millis>1664872777427</millis>
  <nanos>611200</nanos>
  <sequence>15</sequence>
  <logger>MyLog</logger>
  <level>SEVERE</level>
  <class>com.example.diamondcircle.Main</class>
  <method>log</method>
  <thread>28</thread>
  <message>java.lang.NullPointerException: Cannot enter synchronized block because "currentNode" is null</message>
</record>
<record>
  <date>2022-10-04T08:39:37.451545200Z</date>
  <millis>1664872777451</millis>
  <nanos>545200</nanos>
  <sequence>16</sequence>
  <logger>MyLog</logger>
  <level>SEVERE</level>
  <class>com.example.diamondcircle.Main</class>
  <method>log</method>
  <thread>28</thread>
  <message>java.lang.NullPointerException: Cannot enter synchronized block because "currentNode" is null</message>
</record>
<record>
  <date>2022-10-04T08:39:37.464518500Z</date>
  <millis>1664872777464</millis>
  <nanos>518500</nanos>
  <sequence>17</sequence>
  <logger>MyLog</logger>
  <level>SEVERE</level>
  <class>com.example.diamondcircle.Main</class>
  <method>log</method>
  <thread>28</thread>
  <message>java.lang.NullPointerException: Cannot enter synchronized block because "currentNode" is null</message>
</record>
<record>
  <date>2022-10-04T08:39:37.478472900Z</date>
  <millis>1664872777478</millis>
  <nanos>472900</nanos>
  <sequence>18</sequence>
  <logger>MyLog</logger>
  <level>SEVERE</level>
  <class>com.example.diamondcircle.Main</class>
  <method>log</method>
  <thread>28</thread>
  <message>java.lang.NullPointerException: Cannot enter synchronized block because "currentNode" is null</message>
</record>
<record>
  <date>2022-10-04T08:39:37.491441900Z</date>
  <millis>1664872777491</millis>
  <nanos>441900</nanos>
  <sequence>19</sequence>
  <logger>MyLog</logger>
  <level>SEVERE</level>
  <class>com.example.diamondcircle.Main</class>
  <method>log</method>
  <thread>28</thread>
  <message>java.lang.NullPointerException: Cannot enter synchronized block because "currentNode" is null</message>
</record>
<record>
  <date>2022-10-04T08:39:37.506398100Z</date>
  <millis>1664872777506</millis>
  <nanos>398100</nanos>
  <sequence>20</sequence>
  <logger>MyLog</logger>
  <level>SEVERE</level>
  <class>com.example.diamondcircle.Main</class>
  <method>log</method>
  <thread>28</thread>
  <message>java.lang.NullPointerException: Cannot enter synchronized block because "currentNode" is null</message>
</record>
</log>
<?xml version="1.0" encoding="UTF-8" standalone="no"?>
<!DOCTYPE log SYSTEM "logger.dtd">
<log>
<record>
  <date>2022-10-04T08:41:25.568856200Z</date>
  <millis>1664872885568</millis>
  <nanos>856200</nanos>
  <sequence>0</sequence>
  <logger>MyLog</logger>
  <level>SEVERE</level>
  <class>com.example.diamondcircle.Main</class>
  <method>log</method>
  <thread>28</thread>
  <message>java.util.ConcurrentModificationException</message>
</record>
<record>
  <date>2022-10-04T08:42:41.670445900Z</date>
  <millis>1664872961670</millis>
  <nanos>445900</nanos>
  <sequence>1</sequence>
  <logger>MyLog</logger>
  <level>SEVERE</level>
  <class>com.example.diamondcircle.Main</class>
  <method>log</method>
  <thread>28</thread>
  <message>java.util.ConcurrentModificationException</message>
</record>
<record>
  <date>2022-10-04T08:43:08.498706600Z</date>
  <millis>1664872988498</millis>
  <nanos>706600</nanos>
  <sequence>2</sequence>
  <logger>MyLog</logger>
  <level>SEVERE</level>
  <class>com.example.diamondcircle.Main</class>
  <method>log</method>
  <thread>28</thread>
  <message>java.util.ConcurrentModificationException</message>
</record>
</log>
<?xml version="1.0" encoding="UTF-8" standalone="no"?>
<!DOCTYPE log SYSTEM "logger.dtd">
<log>
<record>
  <date>2022-10-04T08:45:34.892062700Z</date>
  <millis>1664873134892</millis>
  <nanos>62700</nanos>
  <sequence>0</sequence>
  <logger>MyLog</logger>
  <level>SEVERE</level>
  <class>com.example.diamondcircle.Main</class>
  <method>log</method>
  <thread>28</thread>
  <message>java.util.ConcurrentModificationException</message>
</record>
</log>
<?xml version="1.0" encoding="UTF-8" standalone="no"?>
<!DOCTYPE log SYSTEM "logger.dtd">
<log>
<record>
  <date>2022-10-04T08:47:47.062404Z</date>
  <millis>1664873267062</millis>
  <nanos>404000</nanos>
  <sequence>0</sequence>
  <logger>MyLog</logger>
  <level>SEVERE</level>
  <class>com.example.diamondcircle.Main</class>
  <method>log</method>
  <thread>28</thread>
  <message>java.util.ConcurrentModificationException</message>
</record>
</log>
<?xml version="1.0" encoding="UTF-8" standalone="no"?>
<!DOCTYPE log SYSTEM "logger.dtd">
<log>
<record>
  <date>2022-10-04T08:54:45.945420900Z</date>
  <millis>1664873685945</millis>
  <nanos>420900</nanos>
  <sequence>0</sequence>
  <logger>MyLog</logger>
  <level>SEVERE</level>
  <class>com.example.diamondcircle.Main</class>
  <method>log</method>
  <thread>28</thread>
  <message>java.util.ConcurrentModificationException</message>
</record>
<record>
  <date>2022-10-04T08:55:50.482266Z</date>
  <millis>1664873750482</millis>
  <nanos>266000</nanos>
  <sequence>1</sequence>
  <logger>MyLog</logger>
  <level>SEVERE</level>
  <class>com.example.diamondcircle.Main</class>
  <method>log</method>
  <thread>28</thread>
  <message>java.util.ConcurrentModificationException</message>
</record>
<record>
  <date>2022-10-04T08:56:29.800303Z</date>
  <millis>1664873789800</millis>
  <nanos>303000</nanos>
  <sequence>2</sequence>
  <logger>MyLog</logger>
  <level>SEVERE</level>
  <class>com.example.diamondcircle.Main</class>
  <method>log</method>
  <thread>28</thread>
  <message>java.util.ConcurrentModificationException</message>
</record>
</log>
<?xml version="1.0" encoding="UTF-8" standalone="no"?>
<!DOCTYPE log SYSTEM "logger.dtd">
<log>
</log>
<?xml version="1.0" encoding="UTF-8" standalone="no"?>
<!DOCTYPE log SYSTEM "logger.dtd">
<log>
</log>
<?xml version="1.0" encoding="UTF-8" standalone="no"?>
<!DOCTYPE log SYSTEM "logger.dtd">
<log>
</log>
<?xml version="1.0" encoding="UTF-8" standalone="no"?>
<!DOCTYPE log SYSTEM "logger.dtd">
<log>
</log>
<?xml version="1.0" encoding="UTF-8" standalone="no"?>
<!DOCTYPE log SYSTEM "logger.dtd">
<log>
</log>
<?xml version="1.0" encoding="UTF-8" standalone="no"?>
<!DOCTYPE log SYSTEM "logger.dtd">
<log>
</log>
<?xml version="1.0" encoding="UTF-8" standalone="no"?>
<!DOCTYPE log SYSTEM "logger.dtd">
<log>
</log>
<?xml version="1.0" encoding="UTF-8" standalone="no"?>
<!DOCTYPE log SYSTEM "logger.dtd">
<log>
<record>
  <date>2022-10-05T16:02:15.808900800Z</date>
  <millis>1664985735808</millis>
  <nanos>900800</nanos>
  <sequence>0</sequence>
  <logger>MyLog</logger>
  <level>SEVERE</level>
  <class>com.example.diamondcircle.Main</class>
  <method>log</method>
  <thread>28</thread>
  <message>java.util.ConcurrentModificationException</message>
</record>
</log>
<?xml version="1.0" encoding="UTF-8" standalone="no"?>
<!DOCTYPE log SYSTEM "logger.dtd">
<log>
<record>
  <date>2022-10-05T16:08:25.988711800Z</date>
  <millis>1664986105988</millis>
  <nanos>711800</nanos>
  <sequence>0</sequence>
  <logger>MyLog</logger>
  <level>SEVERE</level>
  <class>com.example.diamondcircle.Main</class>
  <method>log</method>
  <thread>28</thread>
  <message>java.lang.NullPointerException: Cannot enter synchronized block because "com.example.diamondcircle.model.DuhFigura.duhLock" is null</message>
</record>
</log>
<?xml version="1.0" encoding="UTF-8" standalone="no"?>
<!DOCTYPE log SYSTEM "logger.dtd">
<log>
<record>
  <date>2022-10-05T16:10:13.337105100Z</date>
  <millis>1664986213337</millis>
  <nanos>105100</nanos>
  <sequence>0</sequence>
  <logger>MyLog</logger>
  <level>SEVERE</level>
  <class>com.example.diamondcircle.Main</class>
  <method>log</method>
  <thread>28</thread>
  <message>java.util.ConcurrentModificationException</message>
</record>
</log>
<?xml version="1.0" encoding="UTF-8" standalone="no"?>
<!DOCTYPE log SYSTEM "logger.dtd">
<log>
<record>
  <date>2022-10-05T16:19:55.017039200Z</date>
  <millis>1664986795017</millis>
  <nanos>39200</nanos>
  <sequence>0</sequence>
  <logger>MyLog</logger>
  <level>SEVERE</level>
  <class>com.example.diamondcircle.Main</class>
  <method>log</method>
  <thread>28</thread>
  <message>java.util.ConcurrentModificationException</message>
</record>
</log>
<?xml version="1.0" encoding="UTF-8" standalone="no"?>
<!DOCTYPE log SYSTEM "logger.dtd">
<log>
</log>
<?xml version="1.0" encoding="UTF-8" standalone="no"?>
<!DOCTYPE log SYSTEM "logger.dtd">
<log>
</log>
<?xml version="1.0" encoding="UTF-8" standalone="no"?>
<!DOCTYPE log SYSTEM "logger.dtd">
<log>
</log>
<?xml version="1.0" encoding="UTF-8" standalone="no"?>
<!DOCTYPE log SYSTEM "logger.dtd">
<log>
</log>
<?xml version="1.0" encoding="UTF-8" standalone="no"?>
<!DOCTYPE log SYSTEM "logger.dtd">
<log>
</log>
<?xml version="1.0" encoding="UTF-8" standalone="no"?>
<!DOCTYPE log SYSTEM "logger.dtd">
<log>
</log>
<?xml version="1.0" encoding="UTF-8" standalone="no"?>
<!DOCTYPE log SYSTEM "logger.dtd">
<log>
</log>
<?xml version="1.0" encoding="UTF-8" standalone="no"?>
<!DOCTYPE log SYSTEM "logger.dtd">
<log>
</log>
<?xml version="1.0" encoding="UTF-8" standalone="no"?>
<!DOCTYPE log SYSTEM "logger.dtd">
<log>
</log>
<?xml version="1.0" encoding="UTF-8" standalone="no"?>
<!DOCTYPE log SYSTEM "logger.dtd">
<log>
</log>
<?xml version="1.0" encoding="UTF-8" standalone="no"?>
<!DOCTYPE log SYSTEM "logger.dtd">
<log>
</log>
<?xml version="1.0" encoding="UTF-8" standalone="no"?>
<!DOCTYPE log SYSTEM "logger.dtd">
<log>
</log>
<?xml version="1.0" encoding="UTF-8" standalone="no"?>
<!DOCTYPE log SYSTEM "logger.dtd">
<log>
</log>
<?xml version="1.0" encoding="UTF-8" standalone="no"?>
<!DOCTYPE log SYSTEM "logger.dtd">
<log>
</log>
<?xml version="1.0" encoding="UTF-8" standalone="no"?>
<!DOCTYPE log SYSTEM "logger.dtd">
<log>
</log>
<?xml version="1.0" encoding="UTF-8" standalone="no"?>
<!DOCTYPE log SYSTEM "logger.dtd">
<log>
</log>
<?xml version="1.0" encoding="UTF-8" standalone="no"?>
<!DOCTYPE log SYSTEM "logger.dtd">
<log>
</log>
<?xml version="1.0" encoding="UTF-8" standalone="no"?>
<!DOCTYPE log SYSTEM "logger.dtd">
<log>
</log>
<?xml version="1.0" encoding="UTF-8" standalone="no"?>
<!DOCTYPE log SYSTEM "logger.dtd">
<log>
<record>
  <date>2022-12-16T12:14:40.353951Z</date>
  <millis>1671192880353</millis>
  <nanos>951000</nanos>
  <sequence>0</sequence>
  <logger>MyLog</logger>
  <level>SEVERE</level>
  <class>com.example.diamondcircle.Main</class>
  <method>log</method>
  <thread>19</thread>
  <message>java.lang.NullPointerException: Cannot assign field "row1" because "com.example.diamondcircle.MainController.mainController" is null</message>
</record>
<record>
  <date>2022-12-16T12:14:40.394840500Z</date>
  <millis>1671192880394</millis>
  <nanos>840500</nanos>
  <sequence>1</sequence>
  <logger>MyLog</logger>
  <level>SEVERE</level>
  <class>com.example.diamondcircle.Main</class>
  <method>log</method>
  <thread>19</thread>
  <message>java.lang.IndexOutOfBoundsException: Index: 0, Size: 0</message>
</record>
</log>
<?xml version="1.0" encoding="UTF-8" standalone="no"?>
<!DOCTYPE log SYSTEM "logger.dtd">
<log>
<record>
  <date>2022-12-16T12:16:16.551033Z</date>
  <millis>1671192976551</millis>
  <nanos>33000</nanos>
  <sequence>0</sequence>
  <logger>MyLog</logger>
  <level>SEVERE</level>
  <class>com.example.diamondcircle.Main</class>
  <method>log</method>
  <thread>19</thread>
  <message>java.lang.ArrayIndexOutOfBoundsException: Index 2 out of bounds for length 2</message>
</record>
<record>
  <date>2022-12-16T12:16:16.572277400Z</date>
  <millis>1671192976572</millis>
  <nanos>277400</nanos>
  <sequence>1</sequence>
  <logger>MyLog</logger>
  <level>SEVERE</level>
  <class>com.example.diamondcircle.Main</class>
  <method>log</method>
  <thread>19</thread>
  <message>java.lang.IndexOutOfBoundsException: Index: 0, Size: 0</message>
</record>
</log>
<?xml version="1.0" encoding="UTF-8" standalone="no"?>
<!DOCTYPE log SYSTEM "logger.dtd">
<log>
</log>
<?xml version="1.0" encoding="UTF-8" standalone="no"?>
<!DOCTYPE log SYSTEM "logger.dtd">
<log>
<record>
  <date>2022-12-16T12:19:13.048363400Z</date>
  <millis>1671193153048</millis>
  <nanos>363400</nanos>
  <sequence>0</sequence>
  <logger>MyLog</logger>
  <level>SEVERE</level>
  <class>com.example.diamondcircle.Main</class>
  <method>log</method>
  <thread>19</thread>
  <message>java.lang.NullPointerException: Cannot assign field "row1" because "com.example.diamondcircle.MainController.mainController" is null</message>
</record>
<record>
  <date>2022-12-16T12:19:13.096235Z</date>
  <millis>1671193153096</millis>
  <nanos>235000</nanos>
  <sequence>1</sequence>
  <logger>MyLog</logger>
  <level>SEVERE</level>
  <class>com.example.diamondcircle.Main</class>
  <method>log</method>
  <thread>19</thread>
  <message>java.lang.IndexOutOfBoundsException: Index: 0, Size: 0</message>
</record>
</log>
<?xml version="1.0" encoding="UTF-8" standalone="no"?>
<!DOCTYPE log SYSTEM "logger.dtd">
<log>
</log>
<?xml version="1.0" encoding="UTF-8" standalone="no"?>
<!DOCTYPE log SYSTEM "logger.dtd">
<log>
<record>
  <date>2022-12-16T12:24:45.100520Z</date>
  <millis>1671193485100</millis>
  <nanos>520000</nanos>
  <sequence>0</sequence>
  <logger>MyLog</logger>
  <level>SEVERE</level>
  <class>com.example.diamondcircle.Main</class>
  <method>log</method>
  <thread>28</thread>
  <message>java.util.ConcurrentModificationException</message>
</record>
<record>
  <date>2022-12-16T12:24:50.517291100Z</date>
  <millis>1671193490517</millis>
  <nanos>291100</nanos>
  <sequence>1</sequence>
  <logger>MyLog</logger>
  <level>SEVERE</level>
  <class>com.example.diamondcircle.Main</class>
  <method>log</method>
  <thread>28</thread>
  <message>java.util.ConcurrentModificationException</message>
</record>
</log>
<?xml version="1.0" encoding="UTF-8" standalone="no"?>
<!DOCTYPE log SYSTEM "logger.dtd">
<log>
<record>
  <date>2022-12-16T12:27:50.713932400Z</date>
  <millis>1671193670713</millis>
  <nanos>932400</nanos>
  <sequence>0</sequence>
  <logger>MyLog</logger>
  <level>SEVERE</level>
  <class>com.example.diamondcircle.Main</class>
  <method>log</method>
  <thread>28</thread>
  <message>java.util.ConcurrentModificationException</message>
</record>
</log>
<?xml version="1.0" encoding="UTF-8" standalone="no"?>
<!DOCTYPE log SYSTEM "logger.dtd">
<log>
<record>
  <date>2022-12-16T12:28:15.284752800Z</date>
  <millis>1671193695284</millis>
  <nanos>752800</nanos>
  <sequence>0</sequence>
  <logger>MyLog</logger>
  <level>SEVERE</level>
  <class>com.example.diamondcircle.Main</class>
  <method>log</method>
  <thread>28</thread>
  <message>java.util.ConcurrentModificationException</message>
</record>
<record>
  <date>2022-12-16T12:28:15.362562700Z</date>
  <millis>1671193695362</millis>
  <nanos>562700</nanos>
  <sequence>1</sequence>
  <logger>MyLog</logger>
  <level>SEVERE</level>
  <class>com.example.diamondcircle.Main</class>
  <method>log</method>
  <thread>28</thread>
  <message>java.util.ConcurrentModificationException</message>
</record>
</log>
